2026-06-14T04:22:14.137-06:00  INFO 23335 --- [estudiantes-service] [main] c.e.s.EstudiantesServiceApplication      : Starting EstudiantesServiceApplication using Java 25.0.3-ea with PID 23335 (/home/eddi-castillo/Descargas/proyecto-angular-nginx-springboot/estudiantes-service/target/classes started by eddi-castillo in /home/eddi-castillo/Descargas/proyecto-angular-nginx-springboot)
2026-06-14T04:22:14.139-06:00 DEBUG 23335 --- [estudiantes-service] [main] c.e.s.EstudiantesServiceApplication      : Running with Spring Boot v3.5.14, Spring v6.2.18
2026-06-14T04:22:14.142-06:00  INFO 23335 --- [estudiantes-service] [main] c.e.s.EstudiantesServiceApplication      : No active profile set, falling back to 1 default profile: "default"
2026-06-14T04:22:15.081-06:00  INFO 23335 --- [estudiantes-service] [main] .s.d.r.c.RepositoryConfigurationDelegate : Bootstrapping Spring Data JPA repositories in DEFAULT mode.
2026-06-14T04:22:15.155-06:00  INFO 23335 --- [estudiantes-service] [main] .s.d.r.c.RepositoryConfigurationDelegate : Finished Spring Data repository scanning in 63 ms. Found 1 JPA repository interface.
2026-06-14T04:22:15.578-06:00  INFO 23335 --- [estudiantes-service] [main] o.s.b.w.embedded.tomcat.TomcatWebServer  : Tomcat initialized with port 8080 (http)
2026-06-14T04:22:15.592-06:00  INFO 23335 --- [estudiantes-service] [main] o.apache.catalina.core.StandardService   : Starting service [Tomcat]
2026-06-14T04:22:15.593-06:00  INFO 23335 --- [estudiantes-service] [main] o.apache.catalina.core.StandardEngine    : Starting Servlet engine: [Apache Tomcat/10.1.54]
2026-06-14T04:22:15.636-06:00  INFO 23335 --- [estudiantes-service] [main] o.a.c.c.C.[Tomcat].[localhost].[/api]    : Initializing Spring embedded WebApplicationContext
2026-06-14T04:22:15.636-06:00  INFO 23335 --- [estudiantes-service] [main] w.s.c.ServletWebServerApplicationContext : Root WebApplicationContext: initialization completed in 1394 ms
2026-06-14T04:22:15.775-06:00  INFO 23335 --- [estudiantes-service] [main] o.hibernate.jpa.internal.util.LogHelper  : HHH000204: Processing PersistenceUnitInfo [name: default]
2026-06-14T04:22:15.834-06:00  INFO 23335 --- [estudiantes-service] [main] org.hibernate.Version                    : HHH000412: Hibernate ORM core version 6.6.49.Final
2026-06-14T04:22:15.880-06:00  INFO 23335 --- [estudiantes-service] [main] o.h.c.internal.RegionFactoryInitiator    : HHH000026: Second-level cache disabled
2026-06-14T04:22:16.178-06:00  INFO 23335 --- [estudiantes-service] [main] o.s.o.j.p.SpringPersistenceUnitInfo      : No LoadTimeWeaver setup: ignoring JPA class transformer
2026-06-14T04:22:16.210-06:00  INFO 23335 --- [estudiantes-service] [main] com.zaxxer.hikari.HikariDataSource       : HikariPool-1 - Starting...
2026-06-14T04:22:16.553-06:00  INFO 23335 --- [estudiantes-service] [main] com.zaxxer.hikari.pool.HikariPool        : HikariPool-1 - Added connection org.postgresql.jdbc.PgConnection@75dd0f94
2026-06-14T04:22:16.555-06:00  INFO 23335 --- [estudiantes-service] [main] com.zaxxer.hikari.HikariDataSource       : HikariPool-1 - Start completed.
2026-06-14T04:22:16.594-06:00  WARN 23335 --- [estudiantes-service] [main] org.hibernate.orm.deprecation            : HHH90000025: PostgreSQLDialect does not need to be specified explicitly using 'hibernate.dialect' (remove the property setting and it will be selected by default)
2026-06-14T04:22:16.629-06:00  INFO 23335 --- [estudiantes-service] [main] org.hibernate.orm.connections.pooling    : HHH10001005: Database info:
	Database JDBC URL [Connecting through datasource 'HikariDataSource (HikariPool-1)']
	Database driver: undefined/unknown
	Database version: 18.4
	Autocommit mode: undefined/unknown
	Isolation level: undefined/unknown
	Minimum pool size: undefined/unknown
	Maximum pool size: undefined/unknown
2026-06-14T04:22:17.618-06:00  INFO 23335 --- [estudiantes-service] [main] o.h.e.t.j.p.i.JtaPlatformInitiator       : HHH000489: No JTA platform available (set 'hibernate.transaction.jta.platform' to enable JTA platform integration)
2026-06-14T04:22:17.696-06:00  INFO 23335 --- [estudiantes-service] [main] j.LocalContainerEntityManagerFactoryBean : Initialized JPA EntityManagerFactory for persistence unit 'default'
2026-06-14T04:22:18.008-06:00  INFO 23335 --- [estudiantes-service] [main] o.s.d.j.r.query.QueryEnhancerFactory     : Hibernate is in classpath; If applicable, HQL parser will be used.
2026-06-14T04:22:18.487-06:00  WARN 23335 --- [estudiantes-service] [main] JpaBaseConfiguration$JpaWebConfiguration : spring.jpa.open-in-view is enabled by default. Therefore, database queries may be performed during view rendering. Explicitly configure spring.jpa.open-in-view to disable this warning
2026-06-14T04:22:18.781-06:00  INFO 23335 --- [estudiantes-service] [main] o.s.b.w.embedded.tomcat.TomcatWebServer  : Tomcat started on port 8080 (http) with context path '/api'
2026-06-14T04:22:18.789-06:00  INFO 23335 --- [estudiantes-service] [main] c.e.s.EstudiantesServiceApplication      : Started EstudiantesServiceApplication in 5.303 seconds (process running for 5.807)
2026-06-14T04:22:24.350-06:00  INFO 23335 --- [estudiantes-service] [http-nio-8080-exec-1] o.a.c.c.C.[Tomcat].[localhost].[/api]    : Initializing Spring DispatcherServlet 'dispatcherServlet'
2026-06-14T04:22:24.350-06:00  INFO 23335 --- [estudiantes-service] [http-nio-8080-exec-1] o.s.web.servlet.DispatcherServlet        : Initializing Servlet 'dispatcherServlet'
2026-06-14T04:22:24.351-06:00  INFO 23335 --- [estudiantes-service] [http-nio-8080-exec-1] o.s.web.servlet.DispatcherServlet        : Completed initialization in 0 ms
2026-06-14T04:22:24.392-06:00  INFO 23335 --- [estudiantes-service] [http-nio-8080-exec-1] c.e.service.service.EstudianteService    : Consultando la lista de todos los estudiantes
2026-06-14T04:22:24.499-06:00 DEBUG 23335 --- [estudiantes-service] [http-nio-8080-exec-1] org.hibernate.SQL                        : 
    select
        e1_0.id,
        e1_0.carrera,
        e1_0.correo,
        e1_0.direccion,
        e1_0.edad,
        e1_0.fecha_registro,
        e1_0.matricula,
        e1_0.nombre_completo,
        e1_0.semestre,
        e1_0.telefono 
    from
        estudiantes e1_0
2026-06-14T04:42:37.770-06:00  INFO 23335 --- [estudiantes-service] [http-nio-8080-exec-5] c.e.service.service.EstudianteService    : Consultando la lista de todos los estudiantes
2026-06-14T04:42:37.773-06:00 DEBUG 23335 --- [estudiantes-service] [http-nio-8080-exec-5] org.hibernate.SQL                        : 
    select
        e1_0.id,
        e1_0.carrera,
        e1_0.correo,
        e1_0.direccion,
        e1_0.edad,
        e1_0.fecha_registro,
        e1_0.matricula,
        e1_0.nombre_completo,
        e1_0.semestre,
        e1_0.telefono 
    from
        estudiantes e1_0
2026-06-14T04:46:57.888-06:00  INFO 23335 --- [estudiantes-service] [http-nio-8080-exec-6] c.e.service.service.EstudianteService    : Consultando la lista de todos los estudiantes
2026-06-14T04:46:57.892-06:00 DEBUG 23335 --- [estudiantes-service] [http-nio-8080-exec-6] org.hibernate.SQL                        : 
    select
        e1_0.id,
        e1_0.carrera,
        e1_0.correo,
        e1_0.direccion,
        e1_0.edad,
        e1_0.fecha_registro,
        e1_0.matricula,
        e1_0.nombre_completo,
        e1_0.semestre,
        e1_0.telefono 
    from
        estudiantes e1_0
2026-06-14T04:49:45.406-06:00  INFO 23335 --- [estudiantes-service] [http-nio-8080-exec-8] c.e.service.service.EstudianteService    : Intentando eliminar el estudiante con ID: 5
2026-06-14T04:49:45.413-06:00  INFO 23335 --- [estudiantes-service] [http-nio-8080-exec-8] c.e.service.service.EstudianteService    : Buscando estudiante con ID: 5
2026-06-14T04:49:45.538-06:00 DEBUG 23335 --- [estudiantes-service] [http-nio-8080-exec-8] org.hibernate.SQL                        : 
    select
        e1_0.id,
        e1_0.carrera,
        e1_0.correo,
        e1_0.direccion,
        e1_0.edad,
        e1_0.fecha_registro,
        e1_0.matricula,
        e1_0.nombre_completo,
        e1_0.semestre,
        e1_0.telefono 
    from
        estudiantes e1_0 
    where
        e1_0.id=?
2026-06-14T04:49:45.651-06:00  INFO 23335 --- [estudiantes-service] [http-nio-8080-exec-8] c.e.service.service.EstudianteService    : Estudiante eliminado correctamente con ID: 5
2026-06-14T04:49:45.708-06:00 DEBUG 23335 --- [estudiantes-service] [http-nio-8080-exec-8] org.hibernate.SQL                        : 
    delete 
    from
        estudiantes 
    where
        id=?
2026-06-14T04:49:45.762-06:00  INFO 23335 --- [estudiantes-service] [http-nio-8080-exec-9] c.e.service.service.EstudianteService    : Consultando la lista de todos los estudiantes
2026-06-14T04:49:45.780-06:00 DEBUG 23335 --- [estudiantes-service] [http-nio-8080-exec-9] org.hibernate.SQL                        : 
    select
        e1_0.id,
        e1_0.carrera,
        e1_0.correo,
        e1_0.direccion,
        e1_0.edad,
        e1_0.fecha_registro,
        e1_0.matricula,
        e1_0.nombre_completo,
        e1_0.semestre,
        e1_0.telefono 
    from
        estudiantes e1_0
2026-06-14T04:49:51.114-06:00  INFO 23335 --- [estudiantes-service] [http-nio-8080-exec-10] c.e.service.service.EstudianteService    : Consultando la lista de todos los estudiantes
2026-06-14T04:49:51.118-06:00 DEBUG 23335 --- [estudiantes-service] [http-nio-8080-exec-10] org.hibernate.SQL                        : 
    select
        e1_0.id,
        e1_0.carrera,
        e1_0.correo,
        e1_0.direccion,
        e1_0.edad,
        e1_0.fecha_registro,
        e1_0.matricula,
        e1_0.nombre_completo,
        e1_0.semestre,
        e1_0.telefono 
    from
        estudiantes e1_0
2026-06-14T11:57:23.199-06:00  INFO 23335 --- [estudiantes-service] [SpringApplicationShutdownHook] o.s.b.w.e.tomcat.GracefulShutdown        : Commencing graceful shutdown. Waiting for active requests to complete
2026-06-14T11:57:23.262-06:00  INFO 23335 --- [estudiantes-service] [tomcat-shutdown] o.s.b.w.e.tomcat.GracefulShutdown        : Graceful shutdown complete
2026-06-14T11:57:23.291-06:00  INFO 23335 --- [estudiantes-service] [SpringApplicationShutdownHook] j.LocalContainerEntityManagerFactoryBean : Closing JPA EntityManagerFactory for persistence unit 'default'
2026-06-14T11:57:23.339-06:00  INFO 23335 --- [estudiantes-service] [SpringApplicationShutdownHook] com.zaxxer.hikari.HikariDataSource       : HikariPool-1 - Shutdown initiated...
2026-06-14T11:57:23.357-06:00  INFO 23335 --- [estudiantes-service] [SpringApplicationShutdownHook] com.zaxxer.hikari.HikariDataSource       : HikariPool-1 - Shutdown completed.
